# JRE version: Java(TM) SE Runtime Environment (8.0_77-b03) (build 1.8.0_77-b03)
# Java VM: Java HotSpot(TM) 64-Bit Server VM (25.77-b03 mixed mode linux-amd64 compressed oops)
Heap:
 PSYoungGen      total 521216K, used 0K [0x00000000d6b00000, 0x0000000100000000, 0x0000000100000000)
  eden space 476160K, 0% used [0x00000000d6b00000,0x00000000d6b00000,0x00000000f3c00000)
  from space 45056K, 0% used [0x00000000f3c00000,0x00000000f3c00000,0x00000000f6800000)
  to   space 45056K, 0% used [0x00000000fd400000,0x00000000fd400000,0x0000000100000000)
 ParOldGen       total 1154560K, used 798596K [0x0000000084000000, 0x00000000ca780000, 0x00000000d6b00000)
  object space 1154560K, 69% used [0x0000000084000000,0x00000000b4be1050,0x00000000ca780000)
 Metaspace       used 28336K, capacity 28606K, committed 29056K, reserved 1075200K
  class space    used 3330K, capacity 3424K, committed 3456K, reserved 1048576K
GC Heap History (10 events):
Event: 29,301 GC heap before
{Heap before GC invocations=18 (full 5):
 PSYoungGen      total 435712K, used 6675K [0x00000000d6b00000, 0x00000000fa680000, 0x0000000100000000)
  eden space 390656K, 0% used [0x00000000d6b00000,0x00000000d6b00000,0x00000000ee880000)
  from space 45056K, 14% used [0x00000000ee880000,0x00000000eef04e50,0x00000000f1480000)
  to   space 45056K, 0% used [0x00000000f7a80000,0x00000000f7a80000,0x00000000fa680000)
 ParOldGen       total 487424K, used 435821K [0x0000000084000000, 0x00000000a1c00000, 0x00000000d6b00000)
  object space 487424K, 89% used [0x0000000084000000,0x000000009e99b4a0,0x00000000a1c00000)
 Metaspace       used 28292K, capacity 28542K, committed 28800K, reserved 1075200K
  class space    used 3330K, capacity 3424K, committed 3456K, reserved 1048576K
Event: 29,770 GC heap after
Heap after GC invocations=18 (full 5):
 PSYoungGen      total 435712K, used 0K [0x00000000d6b00000, 0x00000000fa680000, 0x0000000100000000)
  eden space 390656K, 0% used [0x00000000d6b00000,0x00000000d6b00000,0x00000000ee880000)
  from space 45056K, 0% used [0x00000000ee880000,0x00000000ee880000,0x00000000f1480000)
  to   space 45056K, 0% used [0x00000000f7a80000,0x00000000f7a80000,0x00000000fa680000)
 ParOldGen       total 546304K, used 266309K [0x0000000084000000, 0x00000000a5580000, 0x00000000d6b00000)
  object space 546304K, 48% used [0x0000000084000000,0x0000000094411468,0x00000000a5580000)
 Metaspace       used 28292K, capacity 28542K, committed 28800K, reserved 1075200K
  class space    used 3330K, capacity 3424K, committed 3456K, reserved 1048576K
}
Event: 31,735 GC heap before
{Heap before GC invocations=19 (full 6):
 PSYoungGen      total 435712K, used 390656K [0x00000000d6b00000, 0x00000000fa680000, 0x0000000100000000)
  eden space 390656K, 100% used [0x00000000d6b00000,0x00000000ee880000,0x00000000ee880000)
  from space 45056K, 0% used [0x00000000ee880000,0x00000000ee880000,0x00000000f1480000)
  to   space 45056K, 0% used [0x00000000f7a80000,0x00000000f7a80000,0x00000000fa680000)
 ParOldGen       total 957440K, used 950792K [0x0000000084000000, 0x00000000be700000, 0x00000000d6b00000)
  object space 957440K, 99% used [0x0000000084000000,0x00000000be0820f8,0x00000000be700000)
 Metaspace       used 28308K, capacity 28542K, committed 28800K, reserved 1075200K
  class space    used 3330K, capacity 3424K, committed 3456K, reserved 1048576K
Event: 32,901 GC heap after
Heap after GC invocations=19 (full 6):
 PSYoungGen      total 435712K, used 0K [0x00000000d6b00000, 0x00000000fa680000, 0x0000000100000000)
  eden space 390656K, 0% used [0x00000000d6b00000,0x00000000d6b00000,0x00000000ee880000)
  from space 45056K, 0% used [0x00000000ee880000,0x00000000ee880000,0x00000000f1480000)
  to   space 45056K, 0% used [0x00000000f7a80000,0x00000000f7a80000,0x00000000fa680000)
 ParOldGen       total 886272K, used 567729K [0x0000000084000000, 0x00000000ba180000, 0x00000000d6b00000)
  object space 886272K, 64% used [0x0000000084000000,0x00000000a6a6c5e8,0x00000000ba180000)
 Metaspace       used 28308K, capacity 28542K, committed 28800K, reserved 1075200K
  class space    used 3330K, capacity 3424K, committed 3456K, reserved 1048576K
}
Event: 33,961 GC heap before
{Heap before GC invocations=20 (full 6):
 PSYoungGen      total 435712K, used 149353K [0x00000000d6b00000, 0x00000000fa680000, 0x0000000100000000)
  eden space 390656K, 38% used [0x00000000d6b00000,0x00000000dfcda768,0x00000000ee880000)
  from space 45056K, 0% used [0x00000000ee880000,0x00000000ee880000,0x00000000f1480000)
  to   space 45056K, 0% used [0x00000000f7a80000,0x00000000f7a80000,0x00000000fa680000)
 ParOldGen       total 1354752K, used 1183764K [0x0000000084000000, 0x00000000d6b00000, 0x00000000d6b00000)
  object space 1354752K, 87% used [0x0000000084000000,0x00000000cc405128,0x00000000d6b00000)
 Metaspace       used 28336K, capacity 28606K, committed 29056K, reserved 1075200K
  class space    used 3330K, capacity 3424K, committed 3456K, reserved 1048576K
Event: 34,104 GC heap after
Heap after GC invocations=20 (full 6):
 PSYoungGen      total 480768K, used 26024K [0x00000000d6b00000, 0x00000000f9400000, 0x0000000100000000)
  eden space 454656K, 0% used [0x00000000d6b00000,0x00000000d6b00000,0x00000000f2700000)
  from space 26112K, 99% used [0x00000000f7a80000,0x00000000f93ea078,0x00000000f9400000)
  to   space 45056K, 0% used [0x00000000f3c00000,0x00000000f3c00000,0x00000000f6800000)
 ParOldGen       total 1354752K, used 1183772K [0x0000000084000000, 0x00000000d6b00000, 0x00000000d6b00000)
  object space 1354752K, 87% used [0x0000000084000000,0x00000000cc407128,0x00000000d6b00000)
 Metaspace       used 28336K, capacity 28606K, committed 29056K, reserved 1075200K
  class space    used 3330K, capacity 3424K, committed 3456K, reserved 1048576K
}
Event: 34,104 GC heap before
{Heap before GC invocations=21 (full 6):
 PSYoungGen      total 480768K, used 26024K [0x00000000d6b00000, 0x00000000f9400000, 0x0000000100000000)
  eden space 454656K, 0% used [0x00000000d6b00000,0x00000000d6b00000,0x00000000f2700000)
  from space 26112K, 99% used [0x00000000f7a80000,0x00000000f93ea078,0x00000000f9400000)
  to   space 45056K, 0% used [0x00000000f3c00000,0x00000000f3c00000,0x00000000f6800000)
 ParOldGen       total 1354752K, used 1183772K [0x0000000084000000, 0x00000000d6b00000, 0x00000000d6b00000)
  object space 1354752K, 87% used [0x0000000084000000,0x00000000cc407128,0x00000000d6b00000)
 Metaspace       used 28336K, capacity 28606K, committed 29056K, reserved 1075200K
  class space    used 3330K, capacity 3424K, committed 3456K, reserved 1048576K
Event: 34,233 GC heap after
Heap after GC invocations=21 (full 6):
 PSYoungGen      total 521216K, used 26065K [0x00000000d6b00000, 0x0000000100000000, 0x0000000100000000)
  eden space 476160K, 0% used [0x00000000d6b00000,0x00000000d6b00000,0x00000000f3c00000)
  from space 45056K, 57% used [0x00000000f3c00000,0x00000000f5574728,0x00000000f6800000)
  to   space 45056K, 0% used [0x00000000fd400000,0x00000000fd400000,0x0000000100000000)
 ParOldGen       total 1354752K, used 1183772K [0x0000000084000000, 0x00000000d6b00000, 0x00000000d6b00000)
  object space 1354752K, 87% used [0x0000000084000000,0x00000000cc407128,0x00000000d6b00000)
 Metaspace       used 28336K, capacity 28606K, committed 29056K, reserved 1075200K
  class space    used 3330K, capacity 3424K, committed 3456K, reserved 1048576K
}
Event: 34,233 GC heap before
{Heap before GC invocations=22 (full 7):
 PSYoungGen      total 521216K, used 26065K [0x00000000d6b00000, 0x0000000100000000, 0x0000000100000000)
  eden space 476160K, 0% used [0x00000000d6b00000,0x00000000d6b00000,0x00000000f3c00000)
  from space 45056K, 57% used [0x00000000f3c00000,0x00000000f5574728,0x00000000f6800000)
  to   space 45056K, 0% used [0x00000000fd400000,0x00000000fd400000,0x0000000100000000)
 ParOldGen       total 1354752K, used 1183772K [0x0000000084000000, 0x00000000d6b00000, 0x00000000d6b00000)
  object space 1354752K, 87% used [0x0000000084000000,0x00000000cc407128,0x00000000d6b00000)
 Metaspace       used 28336K, capacity 28606K, committed 29056K, reserved 1075200K
  class space    used 3330K, capacity 3424K, committed 3456K, reserved 1048576K
Event: 35,987 GC heap after
Heap after GC invocations=22 (full 7):
 PSYoungGen      total 521216K, used 0K [0x00000000d6b00000, 0x0000000100000000, 0x0000000100000000)
  eden space 476160K, 0% used [0x00000000d6b00000,0x00000000d6b00000,0x00000000f3c00000)
  from space 45056K, 0% used [0x00000000f3c00000,0x00000000f3c00000,0x00000000f6800000)
  to   space 45056K, 0% used [0x00000000fd400000,0x00000000fd400000,0x0000000100000000)
 ParOldGen       total 1154560K, used 798596K [0x0000000084000000, 0x00000000ca780000, 0x00000000d6b00000)
  object space 1154560K, 69% used [0x0000000084000000,0x00000000b4be1050,0x00000000ca780000)
 Metaspace       used 28336K, capacity 28606K, committed 29056K, reserved 1075200K
  class space    used 3330K, capacity 3424K, committed 3456K, reserved 1048576K
}

